<?xml version="1.0" encoding="UTF-8" ?>
<testsuite tests="6" failures="0" name="determine_triangle.TriangleTest" time="0.001" errors="0" skipped="0">
  <properties>
[...]
</properties>
  <testcase classname="determine_triangle.TriangleTest" name="determine" time="0.001"/>
  <testcase classname="determine_triangle.TriangleTest" name="verify_corners" time="0"/>
  <testcase classname="determine_triangle.TriangleTest" name="verify_sides" time="0"/>
  <testcase classname="determine_triangle.TriangleTest" name="getArea" time="0"/>
  <testcase classname="determine_triangle.TriangleTest" name="set_sides" time="0"/>
  <testcase classname="determine_triangle.TriangleTest" name="set_corners" time="0"/>
</testsuite>